<?xml version="1.0" encoding="UTF-8"?>
<robot generator="Robot 6.0.2 (Python 3.11.2 on win32)" generated="20230509 14:36:35.791" rpa="false" schemaversion="3">
<suite id="s1" name="Panelscout Robotframework" source="C:\Users\Aga\Documents\GitHub\panelscout_robotframework">
<suite id="s1-s1" name="Test Login Rf" source="C:\Users\Aga\Documents\GitHub\panelscout_robotframework\test_login_rf.robot">
<test id="s1-s1-t1" name="Login to the system" line="26">
<kw name="Open login page">
<kw name="Open Browser" library="SeleniumLibrary">
<arg>${LOGINURL}</arg>
<arg>${BROWSER}</arg>
<doc>Opens a new browser instance to the optional ``url``.</doc>
<msg timestamp="20230509 14:36:36.112" level="INFO">Opening browser 'Firefox' to base url 'https://scouts.futbolkolektyw.pl/en/'.</msg>
<msg timestamp="20230509 14:36:36.115" level="INFO">Firefox driver log is always forced to to: C:\Users\Aga\Documents\GitHub\panelscout_robotframework\geckodriver-29.log</msg>
<msg timestamp="20230509 14:36:36.127" level="INFO">Executing: C:\Users\Aga\AppData\Local\Programs\Python\Python311\Lib\site-packages\selenium\webdriver\common\windows\selenium-manager.exe --browser firefox --output json</msg>
<status status="PASS" starttime="20230509 14:36:36.111" endtime="20230509 14:36:43.223"/>
</kw>
<kw name="Title Should Be" library="SeleniumLibrary">
<arg>Scouts panel - sign in</arg>
<doc>Verifies that the current page title equals ``title``.</doc>
<msg timestamp="20230509 14:36:43.249" level="INFO">Page title is 'Scouts panel - sign in'.</msg>
<status status="PASS" starttime="20230509 14:36:43.224" endtime="20230509 14:36:43.249"/>
</kw>
<status status="PASS" starttime="20230509 14:36:36.111" endtime="20230509 14:36:43.250"/>
</kw>
<kw name="Type in email">
<kw name="Input Text" library="SeleniumLibrary">
<arg>${EMAILINPUT}</arg>
<arg>user01@getnada.com</arg>
<doc>Types the given ``text`` into the text field identified by ``locator``.</doc>
<msg timestamp="20230509 14:36:43.252" level="INFO">Typing text 'user01@getnada.com' into text field 'xpath=//*[@id='login']'.</msg>
<status status="PASS" starttime="20230509 14:36:43.251" endtime="20230509 14:36:43.498"/>
</kw>
<status status="PASS" starttime="20230509 14:36:43.250" endtime="20230509 14:36:43.498"/>
</kw>
<kw name="Type in password">
<kw name="Input Text" library="SeleniumLibrary">
<arg>${PASSWORDINPUT}</arg>
<arg>Test-1234</arg>
<doc>Types the given ``text`` into the text field identified by ``locator``.</doc>
<msg timestamp="20230509 14:36:43.499" level="INFO">Typing text 'Test-1234' into text field 'xpath=//*[@id='password']'.</msg>
<status status="PASS" starttime="20230509 14:36:43.499" endtime="20230509 14:36:43.650"/>
</kw>
<status status="PASS" starttime="20230509 14:36:43.498" endtime="20230509 14:36:43.650"/>
</kw>
<kw name="Click on the sign in button">
<kw name="Click Element" library="SeleniumLibrary">
<arg>${SIGNINBUTTON}</arg>
<doc>Click the element identified by ``locator``.</doc>
<msg timestamp="20230509 14:36:43.651" level="INFO">Clicking element 'xpath=//*[text()='Sign in']'.</msg>
<status status="PASS" starttime="20230509 14:36:43.650" endtime="20230509 14:36:43.900"/>
</kw>
<status status="PASS" starttime="20230509 14:36:43.650" endtime="20230509 14:36:43.901"/>
</kw>
<kw name="Assert Dashboard 1">
<kw name="Wait Until Element Is Visible" library="SeleniumLibrary">
<arg>${PAGELOGO}</arg>
<doc>Waits until the element ``locator`` is visible.</doc>
<status status="PASS" starttime="20230509 14:36:43.909" endtime="20230509 14:36:47.691"/>
</kw>
<kw name="Title Should Be" library="SeleniumLibrary">
<arg>Scouts panel - sign in</arg>
<doc>Verifies that the current page title equals ``title``.</doc>
<msg timestamp="20230509 14:36:47.825" level="INFO" html="true">&lt;/td&gt;&lt;/tr&gt;&lt;tr&gt;&lt;td colspan="3"&gt;&lt;a href="selenium-screenshot-13.png"&gt;&lt;img src="selenium-screenshot-13.png" width="800px"&gt;&lt;/a&gt;</msg>
<msg timestamp="20230509 14:36:47.825" level="FAIL">Title should have been 'Scouts panel - sign in' but was 'PANEL SKAUTINGOWY'.</msg>
<status status="FAIL" starttime="20230509 14:36:47.691" endtime="20230509 14:36:47.829"/>
</kw>
<status status="FAIL" starttime="20230509 14:36:43.908" endtime="20230509 14:36:47.829"/>
</kw>
<kw name="Close Browser" library="SeleniumLibrary" type="TEARDOWN">
<doc>Closes the current browser.</doc>
<status status="PASS" starttime="20230509 14:36:47.830" endtime="20230509 14:36:50.957"/>
</kw>
<status status="FAIL" starttime="20230509 14:36:36.111" endtime="20230509 14:36:50.958">Title should have been 'Scouts panel - sign in' but was 'PANEL SKAUTINGOWY'.</status>
</test>
<test id="s1-s1-t2" name="Add plyer to the system" line="34">
<kw name="Open login page">
<kw name="Open Browser" library="SeleniumLibrary">
<arg>${LOGINURL}</arg>
<arg>${BROWSER}</arg>
<doc>Opens a new browser instance to the optional ``url``.</doc>
<msg timestamp="20230509 14:36:50.960" level="INFO">Opening browser 'Firefox' to base url 'https://scouts.futbolkolektyw.pl/en/'.</msg>
<msg timestamp="20230509 14:36:50.964" level="INFO">Firefox driver log is always forced to to: C:\Users\Aga\Documents\GitHub\panelscout_robotframework\geckodriver-30.log</msg>
<msg timestamp="20230509 14:36:50.980" level="INFO">Executing: C:\Users\Aga\AppData\Local\Programs\Python\Python311\Lib\site-packages\selenium\webdriver\common\windows\selenium-manager.exe --browser firefox --output json</msg>
<status status="PASS" starttime="20230509 14:36:50.960" endtime="20230509 14:36:58.370"/>
</kw>
<kw name="Title Should Be" library="SeleniumLibrary">
<arg>Scouts panel - sign in</arg>
<doc>Verifies that the current page title equals ``title``.</doc>
<msg timestamp="20230509 14:36:58.384" level="INFO">Page title is 'Scouts panel - sign in'.</msg>
<status status="PASS" starttime="20230509 14:36:58.370" endtime="20230509 14:36:58.384"/>
</kw>
<status status="PASS" starttime="20230509 14:36:50.959" endtime="20230509 14:36:58.384"/>
</kw>
<kw name="Type in email">
<kw name="Input Text" library="SeleniumLibrary">
<arg>${EMAILINPUT}</arg>
<arg>user01@getnada.com</arg>
<doc>Types the given ``text`` into the text field identified by ``locator``.</doc>
<msg timestamp="20230509 14:36:58.390" level="INFO">Typing text 'user01@getnada.com' into text field 'xpath=//*[@id='login']'.</msg>
<status status="PASS" starttime="20230509 14:36:58.389" endtime="20230509 14:36:58.633"/>
</kw>
<status status="PASS" starttime="20230509 14:36:58.388" endtime="20230509 14:36:58.633"/>
</kw>
<kw name="Type in password">
<kw name="Input Text" library="SeleniumLibrary">
<arg>${PASSWORDINPUT}</arg>
<arg>Test-1234</arg>
<doc>Types the given ``text`` into the text field identified by ``locator``.</doc>
<msg timestamp="20230509 14:36:58.635" level="INFO">Typing text 'Test-1234' into text field 'xpath=//*[@id='password']'.</msg>
<status status="PASS" starttime="20230509 14:36:58.634" endtime="20230509 14:36:58.763"/>
</kw>
<status status="PASS" starttime="20230509 14:36:58.634" endtime="20230509 14:36:58.764"/>
</kw>
<kw name="Click on the sign in button">
<kw name="Click Element" library="SeleniumLibrary">
<arg>${SIGNINBUTTON}</arg>
<doc>Click the element identified by ``locator``.</doc>
<msg timestamp="20230509 14:36:58.768" level="INFO">Clicking element 'xpath=//*[text()='Sign in']'.</msg>
<status status="PASS" starttime="20230509 14:36:58.768" endtime="20230509 14:36:59.019"/>
</kw>
<status status="PASS" starttime="20230509 14:36:58.767" endtime="20230509 14:36:59.019"/>
</kw>
<kw name="Click on the Add player button">
<kw name="Wait Until Element Is Visible" library="SeleniumLibrary">
<arg>${ADDPLAYERBUTTON}</arg>
<doc>Waits until the element ``locator`` is visible.</doc>
<status status="PASS" starttime="20230509 14:36:59.020" endtime="20230509 14:37:02.450"/>
</kw>
<kw name="Capture Element Screenshot" library="SeleniumLibrary">
<arg>${ADDPLAYERBUTTON}</arg>
<doc>Captures a screenshot from the element identified by ``locator`` and embeds it into log file.</doc>
<msg timestamp="20230509 14:37:02.479" level="INFO" html="true">&lt;/td&gt;&lt;/tr&gt;&lt;tr&gt;&lt;td colspan="3"&gt;&lt;a href="selenium-element-screenshot-22.png"&gt;&lt;img src="selenium-element-screenshot-22.png" width="400px"&gt;&lt;/a&gt;</msg>
<status status="PASS" starttime="20230509 14:37:02.450" endtime="20230509 14:37:02.479"/>
</kw>
<kw name="Click Element" library="SeleniumLibrary">
<arg>${ADDPLAYERBUTTON}</arg>
<doc>Click the element identified by ``locator``.</doc>
<msg timestamp="20230509 14:37:02.482" level="INFO">Clicking element 'xpath=//*[text()='Add player']'.</msg>
<status status="PASS" starttime="20230509 14:37:02.480" endtime="20230509 14:37:02.740"/>
</kw>
<status status="PASS" starttime="20230509 14:36:59.020" endtime="20230509 14:37:02.740"/>
</kw>
<kw name="Type in name">
<kw name="Wait Until Element Is Visible" library="SeleniumLibrary">
<arg>${NAMEINPUT}</arg>
<doc>Waits until the element ``locator`` is visible.</doc>
<status status="PASS" starttime="20230509 14:37:02.742" endtime="20230509 14:37:02.881"/>
</kw>
<kw name="Input Text" library="SeleniumLibrary">
<arg>${NAMEINPUT}</arg>
<arg>Piotr</arg>
<doc>Types the given ``text`` into the text field identified by ``locator``.</doc>
<msg timestamp="20230509 14:37:02.882" level="INFO">Typing text 'Piotr' into text field 'xpath=//input[@name='name']'.</msg>
<status status="PASS" starttime="20230509 14:37:02.881" endtime="20230509 14:37:02.997"/>
</kw>
<status status="PASS" starttime="20230509 14:37:02.741" endtime="20230509 14:37:02.997"/>
</kw>
<kw name="Type in surname">
<kw name="Input Text" library="SeleniumLibrary">
<arg>${SURNAMEINPUT}</arg>
<arg>Kowalski</arg>
<doc>Types the given ``text`` into the text field identified by ``locator``.</doc>
<msg timestamp="20230509 14:37:03.000" level="INFO">Typing text 'Kowalski' into text field 'xpath=//input[@name='surname']'.</msg>
<status status="PASS" starttime="20230509 14:37:02.998" endtime="20230509 14:37:03.184"/>
</kw>
<status status="PASS" starttime="20230509 14:37:02.998" endtime="20230509 14:37:03.185"/>
</kw>
<kw name="Type in age">
<kw name="Input Text" library="SeleniumLibrary">
<arg>${AGEINPUT}</arg>
<arg>1999-10-01</arg>
<doc>Types the given ``text`` into the text field identified by ``locator``.</doc>
<msg timestamp="20230509 14:37:03.189" level="INFO">Typing text '1999-10-01' into text field 'xpath=//input[@name='age']'.</msg>
<status status="PASS" starttime="20230509 14:37:03.186" endtime="20230509 14:37:03.246"/>
</kw>
<status status="PASS" starttime="20230509 14:37:03.185" endtime="20230509 14:37:03.246"/>
</kw>
<kw name="Type in main position">
<kw name="Input Text" library="SeleniumLibrary">
<arg>${MAINPOSITIONINPUT}</arg>
<arg>goalkeeper</arg>
<doc>Types the given ``text`` into the text field identified by ``locator``.</doc>
<msg timestamp="20230509 14:37:03.247" level="INFO">Typing text 'goalkeeper' into text field 'xpath=//input[@name='mainPosition']'.</msg>
<status status="PASS" starttime="20230509 14:37:03.247" endtime="20230509 14:37:03.369"/>
</kw>
<status status="PASS" starttime="20230509 14:37:03.247" endtime="20230509 14:37:03.369"/>
</kw>
<kw name="Click on the Submit Button">
<kw name="Click Element" library="SeleniumLibrary">
<arg>${SUBMITBUTTON}</arg>
<doc>Click the element identified by ``locator``.</doc>
<msg timestamp="20230509 14:37:03.374" level="INFO">Clicking element 'xpath=//*[text()='Submit']'.</msg>
<status status="PASS" starttime="20230509 14:37:03.373" endtime="20230509 14:37:03.633"/>
</kw>
<status status="PASS" starttime="20230509 14:37:03.372" endtime="20230509 14:37:03.633"/>
</kw>
<kw name="Go to Dashboard">
<kw name="Go To" library="SeleniumLibrary">
<arg>${LOGINURL}</arg>
<doc>Navigates the current browser window to the provided ``url``.</doc>
<msg timestamp="20230509 14:37:03.634" level="INFO">Opening url 'https://scouts.futbolkolektyw.pl/en/'</msg>
<status status="PASS" starttime="20230509 14:37:03.634" endtime="20230509 14:37:04.110"/>
</kw>
<status status="PASS" starttime="20230509 14:37:03.634" endtime="20230509 14:37:04.110"/>
</kw>
<kw name="Assert Dashboard 2">
<kw name="Wait Until Page Contains" library="SeleniumLibrary">
<arg>Piotr Kowalski</arg>
<doc>Waits until ``text`` appears on the current page.</doc>
<msg timestamp="20230509 14:37:09.268" level="INFO" html="true">&lt;/td&gt;&lt;/tr&gt;&lt;tr&gt;&lt;td colspan="3"&gt;&lt;a href="selenium-screenshot-14.png"&gt;&lt;img src="selenium-screenshot-14.png" width="800px"&gt;&lt;/a&gt;</msg>
<msg timestamp="20230509 14:37:09.269" level="FAIL">Text 'Piotr Kowalski' did not appear in 5 seconds.</msg>
<status status="FAIL" starttime="20230509 14:37:04.110" endtime="20230509 14:37:09.270"/>
</kw>
<kw name="Capture Page Screenshot" library="SeleniumLibrary">
<arg>alert.png</arg>
<doc>Takes a screenshot of the current page and embeds it into a log file.</doc>
<status status="NOT RUN" starttime="20230509 14:37:09.270" endtime="20230509 14:37:09.270"/>
</kw>
<status status="FAIL" starttime="20230509 14:37:04.110" endtime="20230509 14:37:09.270"/>
</kw>
<kw name="Close Browser" library="SeleniumLibrary" type="TEARDOWN">
<doc>Closes the current browser.</doc>
<status status="PASS" starttime="20230509 14:37:09.271" endtime="20230509 14:37:12.242"/>
</kw>
<status status="FAIL" starttime="20230509 14:36:50.959" endtime="20230509 14:37:12.243">Text 'Piotr Kowalski' did not appear in 5 seconds.</status>
</test>
<test id="s1-s1-t3" name="Add youtube" line="49">
<kw name="Open login page">
<kw name="Open Browser" library="SeleniumLibrary">
<arg>${LOGINURL}</arg>
<arg>${BROWSER}</arg>
<doc>Opens a new browser instance to the optional ``url``.</doc>
<msg timestamp="20230509 14:37:12.251" level="INFO">Opening browser 'Firefox' to base url 'https://scouts.futbolkolektyw.pl/en/'.</msg>
<msg timestamp="20230509 14:37:12.256" level="INFO">Firefox driver log is always forced to to: C:\Users\Aga\Documents\GitHub\panelscout_robotframework\geckodriver-31.log</msg>
<msg timestamp="20230509 14:37:12.290" level="INFO">Executing: C:\Users\Aga\AppData\Local\Programs\Python\Python311\Lib\site-packages\selenium\webdriver\common\windows\selenium-manager.exe --browser firefox --output json</msg>
<status status="PASS" starttime="20230509 14:37:12.248" endtime="20230509 14:37:19.488"/>
</kw>
<kw name="Title Should Be" library="SeleniumLibrary">
<arg>Scouts panel - sign in</arg>
<doc>Verifies that the current page title equals ``title``.</doc>
<msg timestamp="20230509 14:37:19.503" level="INFO">Page title is 'Scouts panel - sign in'.</msg>
<status status="PASS" starttime="20230509 14:37:19.488" endtime="20230509 14:37:19.503"/>
</kw>
<status status="PASS" starttime="20230509 14:37:12.247" endtime="20230509 14:37:19.503"/>
</kw>
<kw name="Type in email">
<kw name="Input Text" library="SeleniumLibrary">
<arg>${EMAILINPUT}</arg>
<arg>user01@getnada.com</arg>
<doc>Types the given ``text`` into the text field identified by ``locator``.</doc>
<msg timestamp="20230509 14:37:19.510" level="INFO">Typing text 'user01@getnada.com' into text field 'xpath=//*[@id='login']'.</msg>
<status status="PASS" starttime="20230509 14:37:19.506" endtime="20230509 14:37:19.836"/>
</kw>
<status status="PASS" starttime="20230509 14:37:19.504" endtime="20230509 14:37:19.836"/>
</kw>
<kw name="Type in password">
<kw name="Input Text" library="SeleniumLibrary">
<arg>${PASSWORDINPUT}</arg>
<arg>Test-1234</arg>
<doc>Types the given ``text`` into the text field identified by ``locator``.</doc>
<msg timestamp="20230509 14:37:19.837" level="INFO">Typing text 'Test-1234' into text field 'xpath=//*[@id='password']'.</msg>
<status status="PASS" starttime="20230509 14:37:19.837" endtime="20230509 14:37:20.015"/>
</kw>
<status status="PASS" starttime="20230509 14:37:19.837" endtime="20230509 14:37:20.015"/>
</kw>
<kw name="Click on the sign in button">
<kw name="Click Element" library="SeleniumLibrary">
<arg>${SIGNINBUTTON}</arg>
<doc>Click the element identified by ``locator``.</doc>
<msg timestamp="20230509 14:37:20.017" level="INFO">Clicking element 'xpath=//*[text()='Sign in']'.</msg>
<status status="PASS" starttime="20230509 14:37:20.017" endtime="20230509 14:37:20.281"/>
</kw>
<status status="PASS" starttime="20230509 14:37:20.016" endtime="20230509 14:37:20.281"/>
</kw>
<kw name="Click on the Add player button">
<kw name="Wait Until Element Is Visible" library="SeleniumLibrary">
<arg>${ADDPLAYERBUTTON}</arg>
<doc>Waits until the element ``locator`` is visible.</doc>
<status status="PASS" starttime="20230509 14:37:20.282" endtime="20230509 14:37:23.628"/>
</kw>
<kw name="Capture Element Screenshot" library="SeleniumLibrary">
<arg>${ADDPLAYERBUTTON}</arg>
<doc>Captures a screenshot from the element identified by ``locator`` and embeds it into log file.</doc>
<msg timestamp="20230509 14:37:23.673" level="INFO" html="true">&lt;/td&gt;&lt;/tr&gt;&lt;tr&gt;&lt;td colspan="3"&gt;&lt;a href="selenium-element-screenshot-23.png"&gt;&lt;img src="selenium-element-screenshot-23.png" width="400px"&gt;&lt;/a&gt;</msg>
<status status="PASS" starttime="20230509 14:37:23.628" endtime="20230509 14:37:23.673"/>
</kw>
<kw name="Click Element" library="SeleniumLibrary">
<arg>${ADDPLAYERBUTTON}</arg>
<doc>Click the element identified by ``locator``.</doc>
<msg timestamp="20230509 14:37:23.674" level="INFO">Clicking element 'xpath=//*[text()='Add player']'.</msg>
<status status="PASS" starttime="20230509 14:37:23.674" endtime="20230509 14:37:23.905"/>
</kw>
<status status="PASS" starttime="20230509 14:37:20.282" endtime="20230509 14:37:23.906"/>
</kw>
<kw name="Type in name">
<kw name="Wait Until Element Is Visible" library="SeleniumLibrary">
<arg>${NAMEINPUT}</arg>
<doc>Waits until the element ``locator`` is visible.</doc>
<status status="PASS" starttime="20230509 14:37:23.907" endtime="20230509 14:37:24.014"/>
</kw>
<kw name="Input Text" library="SeleniumLibrary">
<arg>${NAMEINPUT}</arg>
<arg>Piotr</arg>
<doc>Types the given ``text`` into the text field identified by ``locator``.</doc>
<msg timestamp="20230509 14:37:24.015" level="INFO">Typing text 'Piotr' into text field 'xpath=//input[@name='name']'.</msg>
<status status="PASS" starttime="20230509 14:37:24.014" endtime="20230509 14:37:24.192"/>
</kw>
<status status="PASS" starttime="20230509 14:37:23.907" endtime="20230509 14:37:24.192"/>
</kw>
<kw name="Type in surname">
<kw name="Input Text" library="SeleniumLibrary">
<arg>${SURNAMEINPUT}</arg>
<arg>Kowalski</arg>
<doc>Types the given ``text`` into the text field identified by ``locator``.</doc>
<msg timestamp="20230509 14:37:24.194" level="INFO">Typing text 'Kowalski' into text field 'xpath=//input[@name='surname']'.</msg>
<status status="PASS" starttime="20230509 14:37:24.193" endtime="20230509 14:37:24.346"/>
</kw>
<status status="PASS" starttime="20230509 14:37:24.193" endtime="20230509 14:37:24.346"/>
</kw>
<kw name="Type in age">
<kw name="Input Text" library="SeleniumLibrary">
<arg>${AGEINPUT}</arg>
<arg>1999-10-01</arg>
<doc>Types the given ``text`` into the text field identified by ``locator``.</doc>
<msg timestamp="20230509 14:37:24.347" level="INFO">Typing text '1999-10-01' into text field 'xpath=//input[@name='age']'.</msg>
<status status="PASS" starttime="20230509 14:37:24.347" endtime="20230509 14:37:24.398"/>
</kw>
<status status="PASS" starttime="20230509 14:37:24.346" endtime="20230509 14:37:24.398"/>
</kw>
<kw name="Type in main position">
<kw name="Input Text" library="SeleniumLibrary">
<arg>${MAINPOSITIONINPUT}</arg>
<arg>goalkeeper</arg>
<doc>Types the given ``text`` into the text field identified by ``locator``.</doc>
<msg timestamp="20230509 14:37:24.399" level="INFO">Typing text 'goalkeeper' into text field 'xpath=//input[@name='mainPosition']'.</msg>
<status status="PASS" starttime="20230509 14:37:24.398" endtime="20230509 14:37:24.530"/>
</kw>
<status status="PASS" starttime="20230509 14:37:24.398" endtime="20230509 14:37:24.530"/>
</kw>
<kw name="Click on the Add link to youtube Button">
<kw name="Click Element" library="SeleniumLibrary">
<arg>${ADDLINKTOYOUTUBEBUTTON}</arg>
<doc>Click the element identified by ``locator``.</doc>
<msg timestamp="20230509 14:37:24.532" level="INFO">Clicking element 'xpath=//*[text()='Add link to Youtube']'.</msg>
<status status="PASS" starttime="20230509 14:37:24.531" endtime="20230509 14:37:24.779"/>
</kw>
<status status="PASS" starttime="20230509 14:37:24.531" endtime="20230509 14:37:24.779"/>
</kw>
<kw name="Type in youtube">
<kw name="Input Text" library="SeleniumLibrary">
<arg>${YOUTUBE}</arg>
<arg>https: // www.youtube.com / watch?v = MI_gFi_Zd8c</arg>
<doc>Types the given ``text`` into the text field identified by ``locator``.</doc>
<msg timestamp="20230509 14:37:24.780" level="INFO">Typing text 'https: // www.youtube.com / watch?v = MI_gFi_Zd8c' into text field 'xpath=//input[@name='webYT[0]']'.</msg>
<status status="PASS" starttime="20230509 14:37:24.780" endtime="20230509 14:37:25.019"/>
</kw>
<status status="PASS" starttime="20230509 14:37:24.780" endtime="20230509 14:37:25.019"/>
</kw>
<kw name="Click on the Submit Button">
<kw name="Click Element" library="SeleniumLibrary">
<arg>${SUBMITBUTTON}</arg>
<doc>Click the element identified by ``locator``.</doc>
<msg timestamp="20230509 14:37:25.022" level="INFO">Clicking element 'xpath=//*[text()='Submit']'.</msg>
<status status="PASS" starttime="20230509 14:37:25.020" endtime="20230509 14:37:25.270"/>
</kw>
<status status="PASS" starttime="20230509 14:37:25.020" endtime="20230509 14:37:25.270"/>
</kw>
<kw name="Go to Dashboard">
<kw name="Go To" library="SeleniumLibrary">
<arg>${LOGINURL}</arg>
<doc>Navigates the current browser window to the provided ``url``.</doc>
<msg timestamp="20230509 14:37:25.272" level="INFO">Opening url 'https://scouts.futbolkolektyw.pl/en/'</msg>
<status status="PASS" starttime="20230509 14:37:25.271" endtime="20230509 14:37:25.975"/>
</kw>
<status status="PASS" starttime="20230509 14:37:25.271" endtime="20230509 14:37:25.976"/>
</kw>
<kw name="Click on the Piotr Kowalski Button">
<kw name="Click Element" library="SeleniumLibrary">
<arg>${PIOTRKOWALSKIBUTTON}</arg>
<doc>Click the element identified by ``locator``.</doc>
<msg timestamp="20230509 14:37:25.978" level="INFO">Clicking element 'xpath=//*[@id="__next"]/div[1]/main/div[3]/div[3]/div/div/a[1]/button/span[1]'.</msg>
<status status="PASS" starttime="20230509 14:37:25.977" endtime="20230509 14:37:26.286"/>
</kw>
<status status="PASS" starttime="20230509 14:37:25.977" endtime="20230509 14:37:26.286"/>
</kw>
<kw name="Assert Player Form">
<kw name="Wait Until Element Is Visible" library="SeleniumLibrary">
<arg>${YOUTUBE}</arg>
<doc>Waits until the element ``locator`` is visible.</doc>
<msg timestamp="20230509 14:37:31.446" level="INFO" html="true">&lt;/td&gt;&lt;/tr&gt;&lt;tr&gt;&lt;td colspan="3"&gt;&lt;a href="selenium-screenshot-15.png"&gt;&lt;img src="selenium-screenshot-15.png" width="800px"&gt;&lt;/a&gt;</msg>
<msg timestamp="20230509 14:37:31.446" level="FAIL">Element 'xpath=//input[@name='webYT[0]']' not visible after 5 seconds.</msg>
<status status="FAIL" starttime="20230509 14:37:26.288" endtime="20230509 14:37:31.447"/>
</kw>
<kw name="Capture Element Screenshot" library="SeleniumLibrary">
<arg>${YOUTUBE}</arg>
<doc>Captures a screenshot from the element identified by ``locator`` and embeds it into log file.</doc>
<status status="NOT RUN" starttime="20230509 14:37:31.447" endtime="20230509 14:37:31.447"/>
</kw>
<status status="FAIL" starttime="20230509 14:37:26.287" endtime="20230509 14:37:31.447"/>
</kw>
<kw name="Close Browser" library="SeleniumLibrary" type="TEARDOWN">
<doc>Closes the current browser.</doc>
<status status="PASS" starttime="20230509 14:37:31.448" endtime="20230509 14:37:34.580"/>
</kw>
<status status="FAIL" starttime="20230509 14:37:12.246" endtime="20230509 14:37:34.581">Element 'xpath=//input[@name='webYT[0]']' not visible after 5 seconds.</status>
</test>
<test id="s1-s1-t4" name="Transfer to the password reminder" line="67">
<kw name="Open login page">
<kw name="Open Browser" library="SeleniumLibrary">
<arg>${LOGINURL}</arg>
<arg>${BROWSER}</arg>
<doc>Opens a new browser instance to the optional ``url``.</doc>
<msg timestamp="20230509 14:37:34.586" level="INFO">Opening browser 'Firefox' to base url 'https://scouts.futbolkolektyw.pl/en/'.</msg>
<msg timestamp="20230509 14:37:34.590" level="INFO">Firefox driver log is always forced to to: C:\Users\Aga\Documents\GitHub\panelscout_robotframework\geckodriver-32.log</msg>
<msg timestamp="20230509 14:37:34.608" level="INFO">Executing: C:\Users\Aga\AppData\Local\Programs\Python\Python311\Lib\site-packages\selenium\webdriver\common\windows\selenium-manager.exe --browser firefox --output json</msg>
<status status="PASS" starttime="20230509 14:37:34.585" endtime="20230509 14:37:41.411"/>
</kw>
<kw name="Title Should Be" library="SeleniumLibrary">
<arg>Scouts panel - sign in</arg>
<doc>Verifies that the current page title equals ``title``.</doc>
<msg timestamp="20230509 14:37:41.417" level="INFO">Page title is 'Scouts panel - sign in'.</msg>
<status status="PASS" starttime="20230509 14:37:41.411" endtime="20230509 14:37:41.417"/>
</kw>
<status status="PASS" starttime="20230509 14:37:34.585" endtime="20230509 14:37:41.417"/>
</kw>
<kw name="Click on the remind password hyperlink">
<kw name="Click Element" library="SeleniumLibrary">
<arg>${REMINDPASSWORDHYPERLINK}</arg>
<doc>Click the element identified by ``locator``.</doc>
<msg timestamp="20230509 14:37:41.419" level="INFO">Clicking element 'xpath=//*[text()='Remind password']'.</msg>
<status status="PASS" starttime="20230509 14:37:41.418" endtime="20230509 14:37:41.761"/>
</kw>
<status status="PASS" starttime="20230509 14:37:41.417" endtime="20230509 14:37:41.762"/>
</kw>
<kw name="Assert Remind Password Page">
<kw name="Title Should Be" library="SeleniumLibrary">
<arg>Remind password</arg>
<doc>Verifies that the current page title equals ``title``.</doc>
<msg timestamp="20230509 14:37:41.766" level="INFO">Page title is 'Remind password'.</msg>
<status status="PASS" starttime="20230509 14:37:41.762" endtime="20230509 14:37:41.766"/>
</kw>
<status status="PASS" starttime="20230509 14:37:41.762" endtime="20230509 14:37:41.766"/>
</kw>
<kw name="Close Browser" library="SeleniumLibrary" type="TEARDOWN">
<doc>Closes the current browser.</doc>
<status status="PASS" starttime="20230509 14:37:41.767" endtime="20230509 14:37:44.702"/>
</kw>
<status status="PASS" starttime="20230509 14:37:34.584" endtime="20230509 14:37:44.704"/>
</test>
<doc>Suite description #automated tests for scout website</doc>
<status status="FAIL" starttime="20230509 14:36:35.822" endtime="20230509 14:37:44.709"/>
</suite>
<status status="FAIL" starttime="20230509 14:36:35.794" endtime="20230509 14:37:44.714"/>
</suite>
<statistics>
<total>
<stat pass="1" fail="3" skip="0">All Tests</stat>
</total>
<tag>
</tag>
<suite>
<stat pass="1" fail="3" skip="0" id="s1" name="Panelscout Robotframework">Panelscout Robotframework</stat>
<stat pass="1" fail="3" skip="0" id="s1-s1" name="Test Login Rf">Panelscout Robotframework.Test Login Rf</stat>
</suite>
</statistics>
<errors>
</errors>
</robot>
